Arguments: 
  C:\Program Files\nodejs\node.exe C:\Users\NORI\AppData\Roaming\npm\node_modules\yarn\bin\yarn.js add -D @testing-library/jest-dom/extend-expect

PATH: 
  C:\Program Files\Common Files\Oracle\Java\javapath;C:\Python27\;C:\Python27\Scripts;C:\WINDOWS\system32;C:\WINDOWS;C:\WINDOWS\System32\Wbem;C:\WINDOWS\System32\WindowsPowerShell\v1.0\;C:\WINDOWS\System32\OpenSSH\;C:\Program Files\Git\cmd;C:\Program Files\Android\Android Studio\plugins\Kotlin\kotlinc\bin;C:\Program Files\Android\Android Studio\jre\bin;C:\platform-tools;C:\ProgramData\chocolatey\bin;C:\Program Files\nodejs\;C:\Users\NORI\AppData\Local\Microsoft\WindowsApps;C:\Users\NORI\AppData\Local\Programs\Microsoft VS Code\bin;C:\Users\NORI\AppData\Roaming\Amazon;C:\Users\NORI\AppData\Local\Yarn\bin;C:\Program Files\Java\jdk-18.0.1.1\bin;C:\Users\NORI\AppData\Roaming\npm

Yarn version: 
  1.22.17

Node version: 
  18.12.0

Platform: 
  win32 x64

Trace: 
  Error: https://registry.yarnpkg.com/@testing-library%2fjest-dom/extend-expect: Request "https://registry.yarnpkg.com/@testing-library%2fjest-dom/extend-expect" returned a 405
      at params.callback [as _callback] (C:\Users\NORI\AppData\Roaming\npm\node_modules\yarn\lib\cli.js:67038:18)
      at self.callback (C:\Users\NORI\AppData\Roaming\npm\node_modules\yarn\lib\cli.js:140883:22)
      at Request.emit (node:events:513:28)
      at Request.<anonymous> (C:\Users\NORI\AppData\Roaming\npm\node_modules\yarn\lib\cli.js:141855:10)
      at Request.emit (node:events:513:28)
      at IncomingMessage.<anonymous> (C:\Users\NORI\AppData\Roaming\npm\node_modules\yarn\lib\cli.js:141777:12)
      at Object.onceWrapper (node:events:627:28)
      at IncomingMessage.emit (node:events:525:35)
      at endReadableNT (node:internal/streams/readable:1359:12)
      at process.processTicksAndRejections (node:internal/process/task_queues:82:21)

npm manifest: 
  No manifest

yarn manifest: 
  No manifest

Lockfile: 
  No lockfile
